Release 14.7 - xst P.20131013 (nt64)
Copyright (c) 1995-2013 Xilinx, Inc.  All rights reserved.
--> Parameter TMPDIR set to xst/projnav.tmp


Total REAL time to Xst completion: 0.00 secs
Total CPU time to Xst completion: 0.16 secs
 
--> Parameter xsthdpdir set to xst


Total REAL time to Xst completion: 0.00 secs
Total CPU time to Xst completion: 0.16 secs
 
--> Reading design: FPGA.prj

TABLE OF CONTENTS
  1) Synthesis Options Summary
  2) HDL Parsing
  3) HDL Elaboration
  4) HDL Synthesis
       4.1) HDL Synthesis Report
  5) Advanced HDL Synthesis
       5.1) Advanced HDL Synthesis Report
  6) Low Level Synthesis
  7) Partition Report
  8) Design Summary
       8.1) Primitive and Black Box Usage
       8.2) Device utilization summary
       8.3) Partition Resource Summary
       8.4) Timing Report
            8.4.1) Clock Information
            8.4.2) Asynchronous Control Signals Information
            8.4.3) Timing Summary
            8.4.4) Timing Details
            8.4.5) Cross Clock Domains Report


=========================================================================
*                      Synthesis Options Summary                        *
=========================================================================
---- Source Parameters
Input File Name                    : "FPGA.prj"
Ignore Synthesis Constraint File   : NO

---- Target Parameters
Output File Name                   : "FPGA"
Output Format                      : NGC
Target Device                      : xc7k325t-2-ffg900

---- Source Options
Top Module Name                    : FPGA
Automatic FSM Extraction           : YES
FSM Encoding Algorithm             : Auto
Safe Implementation                : No
FSM Style                          : LUT
RAM Extraction                     : Yes
RAM Style                          : Auto
ROM Extraction                     : Yes
Shift Register Extraction          : YES
ROM Style                          : Auto
Resource Sharing                   : YES
Asynchronous To Synchronous        : NO
Shift Register Minimum Size        : 2
Use DSP Block                      : Auto
Automatic Register Balancing       : No

---- Target Options
LUT Combining                      : Auto
Reduce Control Sets                : Auto
Add IO Buffers                     : YES
Global Maximum Fanout              : 100000
Add Generic Clock Buffer(BUFG)     : 32
Register Duplication               : YES
Optimize Instantiated Primitives   : NO
Use Clock Enable                   : Auto
Use Synchronous Set                : Auto
Use Synchronous Reset              : Auto
Pack IO Registers into IOBs        : Auto
Equivalent register Removal        : YES

---- General Options
Optimization Goal                  : Speed
Optimization Effort                : 1
Power Reduction                    : NO
Keep Hierarchy                     : No
Netlist Hierarchy                  : As_Optimized
RTL Output                         : Yes
Global Optimization                : AllClockNets
Read Cores                         : YES
Write Timing Constraints           : NO
Cross Clock Analysis               : NO
Hierarchy Separator                : /
Bus Delimiter                      : <>
Case Specifier                     : Maintain
Slice Utilization Ratio            : 100
BRAM Utilization Ratio             : 100
DSP48 Utilization Ratio            : 100
Auto BRAM Packing                  : NO
Slice Utilization Ratio Delta      : 5

=========================================================================


=========================================================================
*                          HDL Parsing                                  *
=========================================================================
Analyzing Verilog file "D:\darsi\fpga\FPGA-Project\node.v" into library work
Parsing module <node>.
Parsing module <FPGA>.

=========================================================================
*                            HDL Elaboration                            *
=========================================================================

Elaborating module <FPGA>.
WARNING:HDLCompiler:872 - "D:\darsi\fpga\FPGA-Project\node.v" Line 243: Using initial value of addr1 since it is never assigned

Elaborating module <node>.
WARNING:HDLCompiler:872 - "D:\darsi\fpga\FPGA-Project\node.v" Line 50: Using initial value of startbit since it is never assigned
WARNING:HDLCompiler:189 - "D:\darsi\fpga\FPGA-Project\node.v" Line 267: Size mismatch in connection of port <outshow>. Formal port size is 101-bit while actual signal size is 1-bit.
WARNING:HDLCompiler:189 - "D:\darsi\fpga\FPGA-Project\node.v" Line 268: Size mismatch in connection of port <outshow>. Formal port size is 101-bit while actual signal size is 1-bit.
WARNING:HDLCompiler:189 - "D:\darsi\fpga\FPGA-Project\node.v" Line 269: Size mismatch in connection of port <outshow>. Formal port size is 101-bit while actual signal size is 1-bit.
WARNING:HDLCompiler:189 - "D:\darsi\fpga\FPGA-Project\node.v" Line 270: Size mismatch in connection of port <outshow>. Formal port size is 101-bit while actual signal size is 1-bit.
WARNING:HDLCompiler:189 - "D:\darsi\fpga\FPGA-Project\node.v" Line 271: Size mismatch in connection of port <outshow>. Formal port size is 101-bit while actual signal size is 1-bit.
WARNING:HDLCompiler:189 - "D:\darsi\fpga\FPGA-Project\node.v" Line 272: Size mismatch in connection of port <outshow>. Formal port size is 101-bit while actual signal size is 1-bit.
WARNING:HDLCompiler:189 - "D:\darsi\fpga\FPGA-Project\node.v" Line 273: Size mismatch in connection of port <outshow>. Formal port size is 101-bit while actual signal size is 1-bit.
WARNING:HDLCompiler:189 - "D:\darsi\fpga\FPGA-Project\node.v" Line 274: Size mismatch in connection of port <outshow>. Formal port size is 101-bit while actual signal size is 1-bit.
WARNING:HDLCompiler:189 - "D:\darsi\fpga\FPGA-Project\node.v" Line 275: Size mismatch in connection of port <outshow>. Formal port size is 101-bit while actual signal size is 1-bit.
WARNING:HDLCompiler:189 - "D:\darsi\fpga\FPGA-Project\node.v" Line 276: Size mismatch in connection of port <outshow>. Formal port size is 101-bit while actual signal size is 1-bit.
WARNING:HDLCompiler:189 - "D:\darsi\fpga\FPGA-Project\node.v" Line 277: Size mismatch in connection of port <outshow>. Formal port size is 101-bit while actual signal size is 1-bit.
WARNING:HDLCompiler:189 - "D:\darsi\fpga\FPGA-Project\node.v" Line 278: Size mismatch in connection of port <outshow>. Formal port size is 101-bit while actual signal size is 1-bit.
WARNING:HDLCompiler:189 - "D:\darsi\fpga\FPGA-Project\node.v" Line 279: Size mismatch in connection of port <outshow>. Formal port size is 101-bit while actual signal size is 1-bit.
WARNING:HDLCompiler:189 - "D:\darsi\fpga\FPGA-Project\node.v" Line 280: Size mismatch in connection of port <outshow>. Formal port size is 101-bit while actual signal size is 1-bit.
WARNING:HDLCompiler:189 - "D:\darsi\fpga\FPGA-Project\node.v" Line 281: Size mismatch in connection of port <outshow>. Formal port size is 101-bit while actual signal size is 1-bit.
WARNING:HDLCompiler:189 - "D:\darsi\fpga\FPGA-Project\node.v" Line 282: Size mismatch in connection of port <outshow>. Formal port size is 101-bit while actual signal size is 1-bit.
ERROR:HDLCompiler:1401 - "D:\darsi\fpga\FPGA-Project\node.v" Line 267: Signal outshow in unit FPGA is connected to following multiple drivers:
Driver 0: node16/outshow[0] driven by output signal outshow[0] of instance Flip-flop (node16).
Driver 1: node15/outshow[0] driven by output signal outshow[0] of instance Flip-flop (node15).
Driver 2: node14/outshow[0] driven by output signal outshow[0] of instance Flip-flop (node14).
Driver 3: node13/outshow[0] driven by output signal outshow[0] of instance Flip-flop (node13).
Driver 4: node12/outshow[0] driven by output signal outshow[0] of instance Flip-flop (node12).
Driver 5: node11/outshow[0] driven by output signal outshow[0] of instance Flip-flop (node11).
Driver 6: node10/outshow[0] driven by output signal outshow[0] of instance Flip-flop (node10).
Driver 7: node9/outshow[0] driven by output signal outshow[0] of instance Flip-flop (node9).
Driver 8: node8/outshow[0] driven by output signal outshow[0] of instance Flip-flop (node8).
Driver 9: node7/outshow[0] driven by output signal outshow[0] of instance Flip-flop (node7).
Driver 10: node6/outshow[0] driven by output signal outshow[0] of instance Flip-flop (node6).
Driver 11: node5/outshow[0] driven by output signal outshow[0] of instance Flip-flop (node5).
Driver 12: node4/outshow[0] driven by output signal outshow[0] of instance Flip-flop (node4).
Driver 13: node3/outshow[0] driven by output signal outshow[0] of instance Flip-flop (node3).
Driver 14: node2/outshow[0] driven by output signal outshow[0] of instance Flip-flop (node2).
Driver 15: node1/outshow[0] driven by output signal outshow[0] of instance Flip-flop (node1).
Module FPGA remains a blackbox, due to errors in its contents
WARNING:HDLCompiler:1499 - "D:\darsi\fpga\FPGA-Project\node.v" Line 191: Empty module <FPGA> remains a black box.
--> 

Total memory usage is 4535228 kilobytes

Number of errors   :    1 (   0 filtered)
Number of warnings :   19 (   0 filtered)
Number of infos    :    0 (   0 filtered)

